#-----------------------------------------------------------
# Webtalk v2018.3 (64-bit)
# SW Build 2405991 on Thu Dec  6 23:36:41 MST 2018
# 
# Start of session at: Thu Apr 22 00:25:34 2021
# Process ID: 9926
# Current directory: /home/ubt/xilinx/duna_daq1245123_rev1_1_1803/duna_daq1245123_rev1_1_1803.sdk/webtalk
# Command line: wbtcv -mode batch -source sdk_webtalk.tcl
# Log file: /home/ubt/xilinx/duna_daq1245123_rev1_1_1803/duna_daq1245123_rev1_1_1803.sdk/webtalk/webtalk.log
# Journal file: /home/ubt/xilinx/duna_daq1245123_rev1_1_1803/duna_daq1245123_rev1_1_1803.sdk/webtalk/webtalk.jou
#-----------------------------------------------------------
source sdk_webtalk.tcl
# webtalk_init -webtalk_dir /home/ubt/xilinx/duna_daq1245123_rev1_1_1803/duna_daq1245123_rev1_1_1803.sdk/webtalk
# webtalk_register_client -client project
# webtalk_add_data -client project -key date_generated -value "2021-04-22 00:25:32" -context "software_version_and_target_device"
# webtalk_add_data -client project -key product_version -value "SDK v2018.3" -context "software_version_and_target_device"
# webtalk_add_data -client project -key build_version -value "2018.3" -context "software_version_and_target_device"
# webtalk_add_data -client project -key os_platform -value "amd64" -context "software_version_and_target_device"
# webtalk_add_data -client project -key registration_id -value "" -context "software_version_and_target_device"
# webtalk_add_data -client project -key tool_flow -value "SDK" -context "software_version_and_target_device"
# webtalk_add_data -client project -key beta -value "false" -context "software_version_and_target_device"
# webtalk_add_data -client project -key route_design -value "NA" -context "software_version_and_target_device"
# webtalk_add_data -client project -key target_family -value "NA" -context "software_version_and_target_device"
# webtalk_add_data -client project -key target_device -value "NA" -context "software_version_and_target_device"
# webtalk_add_data -client project -key target_package -value "NA" -context "software_version_and_target_device"
# webtalk_add_data -client project -key target_speed -value "NA" -context "software_version_and_target_device"
# webtalk_add_data -client project -key random_id -value "2u9hviar5pk035vngsf3a7tasf" -context "software_version_and_target_device"
# webtalk_add_data -client project -key project_id -value "2018.3_16" -context "software_version_and_target_device"
# webtalk_add_data -client project -key project_iteration -value "16" -context "software_version_and_target_device"
# webtalk_add_data -client project -key os_name -value "Ubuntu" -context "user_environment"
# webtalk_add_data -client project -key os_release -value "Ubuntu 18.04.5 LTS" -context "user_environment"
# webtalk_add_data -client project -key cpu_name -value "Intel(R) Core(TM) i5-5257U CPU @ 2.70GHz" -context "user_environment"
# webtalk_add_data -client project -key cpu_speed -value "2700.000 MHz" -context "user_environment"
# webtalk_add_data -client project -key total_processors -value "1" -context "user_environment"
# webtalk_add_data -client project -key system_ram -value "6.228 GB" -context "user_environment"
# webtalk_register_client -client sdk
# webtalk_add_data -client sdk -key uid -value "1619013627000" -context "sdk\\\\hardware/1619013627000"
# webtalk_add_data -client sdk -key isZynq -value "false" -context "sdk\\\\hardware/1619013627000"
# webtalk_add_data -client sdk -key isZynqMP -value "false" -context "sdk\\\\hardware/1619013627000"
# webtalk_add_data -client sdk -key Processors -value "1" -context "sdk\\\\hardware/1619013627000"
# webtalk_add_data -client sdk -key VivadoVersion -value "2018.3" -context "sdk\\\\hardware/1619013627000"
# webtalk_add_data -client sdk -key Arch -value "artix7" -context "sdk\\\\hardware/1619013627000"
# webtalk_add_data -client sdk -key Device -value "7a35t" -context "sdk\\\\hardware/1619013627000"
# webtalk_add_data -client sdk -key IsHandoff -value "true" -context "sdk\\\\hardware/1619013627000"
# webtalk_add_data -client sdk -key os -value "NA" -context "sdk\\\\hardware/1619013627000"
# webtalk_add_data -client sdk -key apptemplate -value "NA" -context "sdk\\\\hardware/1619013627000"
# webtalk_add_data -client sdk -key RecordType -value "HWCreation" -context "sdk\\\\hardware/1619013627000"
# webtalk_add_data -client sdk -key uid -value "1619013669000" -context "sdk\\\\bsp/1619013669000"
# webtalk_add_data -client sdk -key hwid -value "1619013627000" -context "sdk\\\\bsp/1619013669000"
# webtalk_add_data -client sdk -key os -value "standalone" -context "sdk\\\\bsp/1619013669000"
# webtalk_add_data -client sdk -key apptemplate -value "hello_world" -context "sdk\\\\bsp/1619013669000"
# webtalk_add_data -client sdk -key RecordType -value "BSPCreation" -context "sdk\\\\bsp/1619013669000"
# webtalk_add_data -client sdk -key uid -value "1619013672000" -context "sdk\\\\application/1619013672000"
# webtalk_add_data -client sdk -key hwid -value "1619013627000" -context "sdk\\\\application/1619013672000"
# webtalk_add_data -client sdk -key bspid -value "1619013669000" -context "sdk\\\\application/1619013672000"
# webtalk_add_data -client sdk -key newbsp -value "true" -context "sdk\\\\application/1619013672000"
# webtalk_add_data -client sdk -key os -value "standalone" -context "sdk\\\\application/1619013672000"
# webtalk_add_data -client sdk -key apptemplate -value "hello_world" -context "sdk\\\\application/1619013672000"
# webtalk_add_data -client sdk -key RecordType -value "APPCreation" -context "sdk\\\\application/1619013672000"
# webtalk_add_data -client sdk -key LangUsed -value "C" -context "sdk\\\\application/1619013672000"
# webtalk_add_data -client sdk -key Procused -value "microblaze" -context "sdk\\\\application/1619013672000"
# webtalk_add_data -client sdk -key projSize -value "99.6640625" -context "sdk\\\\application/1619013672000"
# webtalk_add_data -client sdk -key uid -value "1619013754000" -context "sdk\\\\bsp/1619013754000"
# webtalk_add_data -client sdk -key hwid -value "1619013627000" -context "sdk\\\\bsp/1619013754000"
# webtalk_add_data -client sdk -key os -value "freertos10_xilinx" -context "sdk\\\\bsp/1619013754000"
# webtalk_add_data -client sdk -key apptemplate -value "empty_application" -context "sdk\\\\bsp/1619013754000"
# webtalk_add_data -client sdk -key RecordType -value "BSPCreation" -context "sdk\\\\bsp/1619013754000"
# webtalk_add_data -client sdk -key uid -value "1619013756000" -context "sdk\\\\application/1619013756000"
# webtalk_add_data -client sdk -key hwid -value "1619013627000" -context "sdk\\\\application/1619013756000"
# webtalk_add_data -client sdk -key bspid -value "1619013754000" -context "sdk\\\\application/1619013756000"
# webtalk_add_data -client sdk -key newbsp -value "true" -context "sdk\\\\application/1619013756000"
# webtalk_add_data -client sdk -key os -value "freertos10_xilinx" -context "sdk\\\\application/1619013756000"
# webtalk_add_data -client sdk -key apptemplate -value "empty_application" -context "sdk\\\\application/1619013756000"
# webtalk_add_data -client sdk -key RecordType -value "APPCreation" -context "sdk\\\\application/1619013756000"
# webtalk_add_data -client sdk -key LangUsed -value "CPP" -context "sdk\\\\application/1619013756000"
# webtalk_add_data -client sdk -key Procused -value "microblaze" -context "sdk\\\\application/1619013756000"
# webtalk_add_data -client sdk -key projSize -value "864.9140625" -context "sdk\\\\application/1619013756000"
# webtalk_add_data -client sdk -key uid -value "NA" -context "sdk\\\\bsp/1619022332338"
# webtalk_add_data -client sdk -key RecordType -value "ToolUsage" -context "sdk\\\\bsp/1619022332338"
# webtalk_add_data -client sdk -key BootgenCount -value "0" -context "sdk\\\\bsp/1619022332338"
# webtalk_add_data -client sdk -key DebugCount -value "24" -context "sdk\\\\bsp/1619022332338"
# webtalk_add_data -client sdk -key PerfCount -value "0" -context "sdk\\\\bsp/1619022332338"
# webtalk_add_data -client sdk -key FlashCount -value "0" -context "sdk\\\\bsp/1619022332338"
# webtalk_add_data -client sdk -key CrossTriggCount -value "0" -context "sdk\\\\bsp/1619022332338"
# webtalk_add_data -client sdk -key QemuDebugCount -value "0" -context "sdk\\\\bsp/1619022332338"
# webtalk_transmit -clientid 313923662 -regid "" -xml /home/ubt/xilinx/duna_daq1245123_rev1_1_1803/duna_daq1245123_rev1_1_1803.sdk/webtalk/usage_statistics_ext_sdk.xml -html /home/ubt/xilinx/duna_daq1245123_rev1_1_1803/duna_daq1245123_rev1_1_1803.sdk/webtalk/usage_statistics_ext_sdk.html -wdm /home/ubt/xilinx/duna_daq1245123_rev1_1_1803/duna_daq1245123_rev1_1_1803.sdk/webtalk/sdk_webtalk.wdm -intro "<H3>SDK Usage Report</H3><BR>"
# webtalk_terminate
INFO: [Common 17-206] Exiting Webtalk at Thu Apr 22 00:25:34 2021...
