#-----------------------------------------------------------
# Webtalk v2018.3 (64-bit)
# SW Build 2405991 on Thu Dec  6 23:36:41 MST 2018
# 
# Start of session at: Wed Apr 21 21:54:42 2021
# Process ID: 22607
# Current directory: /home/ubt/xilinx/duna_daq1245123_rev1_1_1803/duna_daq1245123_rev1_1_1803.sdk/webtalk
# Command line: wbtcv -mode batch -source sdk_webtalk.tcl
# Log file: /home/ubt/xilinx/duna_daq1245123_rev1_1_1803/duna_daq1245123_rev1_1_1803.sdk/webtalk/webtalk.log
# Journal file: /home/ubt/xilinx/duna_daq1245123_rev1_1_1803/duna_daq1245123_rev1_1_1803.sdk/webtalk/webtalk.jou
#-----------------------------------------------------------
source sdk_webtalk.tcl
# webtalk_init -webtalk_dir /home/ubt/xilinx/duna_daq1245123_rev1_1_1803/duna_daq1245123_rev1_1_1803.sdk/webtalk
# webtalk_register_client -client project
# webtalk_add_data -client project -key date_generated -value "2021-04-21 21:54:40" -context "software_version_and_target_device"
# webtalk_add_data -client project -key product_version -value "SDK v2018.3" -context "software_version_and_target_device"
# webtalk_add_data -client project -key build_version -value "2018.3" -context "software_version_and_target_device"
# webtalk_add_data -client project -key os_platform -value "amd64" -context "software_version_and_target_device"
# webtalk_add_data -client project -key registration_id -value "" -context "software_version_and_target_device"
# webtalk_add_data -client project -key tool_flow -value "SDK" -context "software_version_and_target_device"
# webtalk_add_data -client project -key beta -value "false" -context "software_version_and_target_device"
# webtalk_add_data -client project -key route_design -value "NA" -context "software_version_and_target_device"
# webtalk_add_data -client project -key target_family -value "NA" -context "software_version_and_target_device"
# webtalk_add_data -client project -key target_device -value "NA" -context "software_version_and_target_device"
# webtalk_add_data -client project -key target_package -value "NA" -context "software_version_and_target_device"
# webtalk_add_data -client project -key target_speed -value "NA" -context "software_version_and_target_device"
# webtalk_add_data -client project -key random_id -value "gp76riajmpiim2dbgv14238d0p" -context "software_version_and_target_device"
# webtalk_add_data -client project -key project_id -value "2018.3_15" -context "software_version_and_target_device"
# webtalk_add_data -client project -key project_iteration -value "15" -context "software_version_and_target_device"
# webtalk_add_data -client project -key os_name -value "Ubuntu" -context "user_environment"
# webtalk_add_data -client project -key os_release -value "Ubuntu 18.04.5 LTS" -context "user_environment"
# webtalk_add_data -client project -key cpu_name -value "Intel(R) Core(TM) i5-5257U CPU @ 2.70GHz" -context "user_environment"
# webtalk_add_data -client project -key cpu_speed -value "2700.000 MHz" -context "user_environment"
# webtalk_add_data -client project -key total_processors -value "1" -context "user_environment"
# webtalk_add_data -client project -key system_ram -value "6.228 GB" -context "user_environment"
# webtalk_register_client -client sdk
# webtalk_add_data -client sdk -key uid -value "1619012473000" -context "sdk\\\\hardware/1619012473000"
# webtalk_add_data -client sdk -key isZynq -value "false" -context "sdk\\\\hardware/1619012473000"
# webtalk_add_data -client sdk -key isZynqMP -value "false" -context "sdk\\\\hardware/1619012473000"
# webtalk_add_data -client sdk -key Processors -value "1" -context "sdk\\\\hardware/1619012473000"
# webtalk_add_data -client sdk -key VivadoVersion -value "2018.3" -context "sdk\\\\hardware/1619012473000"
# webtalk_add_data -client sdk -key Arch -value "artix7" -context "sdk\\\\hardware/1619012473000"
# webtalk_add_data -client sdk -key Device -value "7a35t" -context "sdk\\\\hardware/1619012473000"
# webtalk_add_data -client sdk -key IsHandoff -value "true" -context "sdk\\\\hardware/1619012473000"
# webtalk_add_data -client sdk -key os -value "NA" -context "sdk\\\\hardware/1619012473000"
# webtalk_add_data -client sdk -key apptemplate -value "NA" -context "sdk\\\\hardware/1619012473000"
# webtalk_add_data -client sdk -key RecordType -value "HWCreation" -context "sdk\\\\hardware/1619012473000"
# webtalk_add_data -client sdk -key uid -value "NA" -context "sdk\\\\bsp/1619013280249"
# webtalk_add_data -client sdk -key RecordType -value "ToolUsage" -context "sdk\\\\bsp/1619013280249"
# webtalk_add_data -client sdk -key BootgenCount -value "0" -context "sdk\\\\bsp/1619013280249"
# webtalk_add_data -client sdk -key DebugCount -value "0" -context "sdk\\\\bsp/1619013280249"
# webtalk_add_data -client sdk -key PerfCount -value "0" -context "sdk\\\\bsp/1619013280249"
# webtalk_add_data -client sdk -key FlashCount -value "0" -context "sdk\\\\bsp/1619013280249"
# webtalk_add_data -client sdk -key CrossTriggCount -value "0" -context "sdk\\\\bsp/1619013280249"
# webtalk_add_data -client sdk -key QemuDebugCount -value "0" -context "sdk\\\\bsp/1619013280249"
# webtalk_transmit -clientid 1236636681 -regid "" -xml /home/ubt/xilinx/duna_daq1245123_rev1_1_1803/duna_daq1245123_rev1_1_1803.sdk/webtalk/usage_statistics_ext_sdk.xml -html /home/ubt/xilinx/duna_daq1245123_rev1_1_1803/duna_daq1245123_rev1_1_1803.sdk/webtalk/usage_statistics_ext_sdk.html -wdm /home/ubt/xilinx/duna_daq1245123_rev1_1_1803/duna_daq1245123_rev1_1_1803.sdk/webtalk/sdk_webtalk.wdm -intro "<H3>SDK Usage Report</H3><BR>"
# webtalk_terminate
INFO: [Common 17-206] Exiting Webtalk at Wed Apr 21 21:54:42 2021...
