16:19:04 **** Incremental Build of configuration Debug for project LNDAQ512k ****
make all 
Building file: ../src/xilffs/diskio.c
Invoking: MicroBlaze g++ compiler
mb-g++ -Wall -O0 -g3 -c -fmessage-length=0 -MT"src/xilffs/diskio.o" -I../../LNDAQ512k_bsp/microblaze_0/include -mlittle-endian -mxl-barrel-shift -mxl-pattern-compare -mcpu=v11.0 -mno-xl-soft-mul -mhard-float -Wl,--no-relax -ffunction-sections -fdata-sections -MMD -MP -MF"src/xilffs/diskio.d" -MT"src/xilffs/diskio.o" -o "src/xilffs/diskio.o" "../src/xilffs/diskio.c"
../src/xilffs/diskio.c: In function 'DRESULT disk_write(BYTE, const BYTE*, DWORD, UINT)':
../src/xilffs/diskio.c:714:6: warning: unused variable 'Status' [-Wunused-variable]
  s32 Status;
      ^~~~~~
../src/xilffs/diskio.c: At global scope:
../src/xilffs/diskio.c:137:11: warning: 'ExtCsd' defined but not used [-Wunused-variable]
 static u8 ExtCsd[512] __attribute__ ((aligned(32)));
           ^~~~~~
Finished building: ../src/xilffs/diskio.c
 
Building file: ../src/xilffs/ff.c
Invoking: MicroBlaze g++ compiler
mb-g++ -Wall -O0 -g3 -c -fmessage-length=0 -MT"src/xilffs/ff.o" -I../../LNDAQ512k_bsp/microblaze_0/include -mlittle-endian -mxl-barrel-shift -mxl-pattern-compare -mcpu=v11.0 -mno-xl-soft-mul -mhard-float -Wl,--no-relax -ffunction-sections -fdata-sections -MMD -MP -MF"src/xilffs/ff.d" -MT"src/xilffs/ff.o" -o "src/xilffs/ff.o" "../src/xilffs/ff.c"
Finished building: ../src/xilffs/ff.c
 
Building file: ../src/xilffs/ffsystem.c
Invoking: MicroBlaze g++ compiler
mb-g++ -Wall -O0 -g3 -c -fmessage-length=0 -MT"src/xilffs/ffsystem.o" -I../../LNDAQ512k_bsp/microblaze_0/include -mlittle-endian -mxl-barrel-shift -mxl-pattern-compare -mcpu=v11.0 -mno-xl-soft-mul -mhard-float -Wl,--no-relax -ffunction-sections -fdata-sections -MMD -MP -MF"src/xilffs/ffsystem.d" -MT"src/xilffs/ffsystem.o" -o "src/xilffs/ffsystem.o" "../src/xilffs/ffsystem.c"
Finished building: ../src/xilffs/ffsystem.c
 
Building file: ../src/xilffs/ffunicode.c
Invoking: MicroBlaze g++ compiler
mb-g++ -Wall -O0 -g3 -c -fmessage-length=0 -MT"src/xilffs/ffunicode.o" -I../../LNDAQ512k_bsp/microblaze_0/include -mlittle-endian -mxl-barrel-shift -mxl-pattern-compare -mcpu=v11.0 -mno-xl-soft-mul -mhard-float -Wl,--no-relax -ffunction-sections -fdata-sections -MMD -MP -MF"src/xilffs/ffunicode.d" -MT"src/xilffs/ffunicode.o" -o "src/xilffs/ffunicode.o" "../src/xilffs/ffunicode.c"
Finished building: ../src/xilffs/ffunicode.c
 
Building file: ../src/sdc_ctrl/mmc.c
Invoking: MicroBlaze g++ compiler
mb-g++ -Wall -O0 -g3 -c -fmessage-length=0 -MT"src/sdc_ctrl/mmc.o" -I../../LNDAQ512k_bsp/microblaze_0/include -mlittle-endian -mxl-barrel-shift -mxl-pattern-compare -mcpu=v11.0 -mno-xl-soft-mul -mhard-float -Wl,--no-relax -ffunction-sections -fdata-sections -MMD -MP -MF"src/sdc_ctrl/mmc.d" -MT"src/sdc_ctrl/mmc.o" -o "src/sdc_ctrl/mmc.o" "../src/sdc_ctrl/mmc.c"
../src/sdc_ctrl/mmc.c: In function 'int mmc_init(mmc*)':
../src/sdc_ctrl/mmc.c:919:48: warning: format '%x' expects argument of type 'unsigned int', but argument 2 has type 'u32 {aka long unsigned int}' [-Wformat=]
  if(1 == PRINT_MMC_INFO)printf("%x\n", (u32)mmc);
                                        ~~~~~~~~^
Finished building: ../src/sdc_ctrl/mmc.c
 
Building file: ../src/sdc_ctrl/ocsdc.c
Invoking: MicroBlaze g++ compiler
mb-g++ -Wall -O0 -g3 -c -fmessage-length=0 -MT"src/sdc_ctrl/ocsdc.o" -I../../LNDAQ512k_bsp/microblaze_0/include -mlittle-endian -mxl-barrel-shift -mxl-pattern-compare -mcpu=v11.0 -mno-xl-soft-mul -mhard-float -Wl,--no-relax -ffunction-sections -fdata-sections -MMD -MP -MF"src/sdc_ctrl/ocsdc.d" -MT"src/sdc_ctrl/ocsdc.o" -o "src/sdc_ctrl/ocsdc.o" "../src/sdc_ctrl/ocsdc.c"
Finished building: ../src/sdc_ctrl/ocsdc.c
 
Building file: ../src/oled12864/lq12864.cc
Invoking: MicroBlaze g++ compiler
mb-g++ -Wall -O0 -g3 -c -fmessage-length=0 -MT"src/oled12864/lq12864.o" -I../../LNDAQ512k_bsp/microblaze_0/include -mlittle-endian -mxl-barrel-shift -mxl-pattern-compare -mcpu=v11.0 -mno-xl-soft-mul -mhard-float -Wl,--no-relax -ffunction-sections -fdata-sections -MMD -MP -MF"src/oled12864/lq12864.d" -MT"src/oled12864/lq12864.o" -o "src/oled12864/lq12864.o" "../src/oled12864/lq12864.cc"
../src/oled12864/lq12864.cc: In member function 'void LQ12864::writePage(u8, volatile u8*)':
../src/oled12864/lq12864.cc:72:22: warning: narrowing conversion of '(int)(176 | ((unsigned char)((int)(((unsigned char)((int)page)) & 7))))' from 'int' to 'u8 {aka unsigned char}' inside { } [-Wnarrowing]
  u8 cmds[3] = {(0xb0 | (page & 0x7)), 0x01, 0x10};
                ~~~~~~^~~~~~~~~~~~~~~
Finished building: ../src/oled12864/lq12864.cc
 
Building file: ../src/oled12864/oled_fonts.c
Invoking: MicroBlaze g++ compiler
mb-g++ -Wall -O0 -g3 -c -fmessage-length=0 -MT"src/oled12864/oled_fonts.o" -I../../LNDAQ512k_bsp/microblaze_0/include -mlittle-endian -mxl-barrel-shift -mxl-pattern-compare -mcpu=v11.0 -mno-xl-soft-mul -mhard-float -Wl,--no-relax -ffunction-sections -fdata-sections -MMD -MP -MF"src/oled12864/oled_fonts.d" -MT"src/oled12864/oled_fonts.o" -o "src/oled12864/oled_fonts.o" "../src/oled12864/oled_fonts.c"
Finished building: ../src/oled12864/oled_fonts.c
 
Building file: ../src/TskHif/MenuDefines.cc
Invoking: MicroBlaze g++ compiler
mb-g++ -Wall -O0 -g3 -c -fmessage-length=0 -MT"src/TskHif/MenuDefines.o" -I../../LNDAQ512k_bsp/microblaze_0/include -mlittle-endian -mxl-barrel-shift -mxl-pattern-compare -mcpu=v11.0 -mno-xl-soft-mul -mhard-float -Wl,--no-relax -ffunction-sections -fdata-sections -MMD -MP -MF"src/TskHif/MenuDefines.d" -MT"src/TskHif/MenuDefines.o" -o "src/TskHif/MenuDefines.o" "../src/TskHif/MenuDefines.cc"
In file included from ../src/TskHif/MenuDefines.cc:15:0:
../src/TskHif/../EzMenu.h: In instantiation of 'EzMenuItem<CT, SL>::EzMenuItem(const char*) [with CT = unsigned char; unsigned int SL = 20]':
../src/TskHif/MenuDefines.cc:30:56:   required from here
../src/TskHif/../EzMenu.h:72:5: warning: large integer implicitly truncated to unsigned type [-Woverflow]
     {
     ^
../src/TskHif/../EzMenu.h:72:5: warning: large integer implicitly truncated to unsigned type [-Woverflow]
../src/TskHif/../EzMenu.h:72:5: warning: large integer implicitly truncated to unsigned type [-Woverflow]
../src/TskHif/../EzMenu.h:72:5: warning: large integer implicitly truncated to unsigned type [-Woverflow]
../src/TskHif/../EzMenu.h:72:5: warning: ISO C++ forbids converting a string constant to 'char*' [-Wwrite-strings]
../src/TskHif/../EzMenu.h:72:5: warning: ISO C++ forbids converting a string constant to 'char*' [-Wwrite-strings]
../src/TskHif/../EzMenu.h: In instantiation of 'EzMenuItem<CT, SL>::EzMenuItem(const char*, EzMenu<CT, SL>*) [with CT = unsigned char; unsigned int SL = 20]':
../src/TskHif/MenuDefines.cc:41:63:   required from here
../src/TskHif/../EzMenu.h:107:5: warning: large integer implicitly truncated to unsigned type [-Woverflow]
     {
     ^
../src/TskHif/../EzMenu.h:107:5: warning: large integer implicitly truncated to unsigned type [-Woverflow]
../src/TskHif/../EzMenu.h:107:5: warning: large integer implicitly truncated to unsigned type [-Woverflow]
../src/TskHif/../EzMenu.h:107:5: warning: large integer implicitly truncated to unsigned type [-Woverflow]
../src/TskHif/../EzMenu.h:107:5: warning: ISO C++ forbids converting a string constant to 'char*' [-Wwrite-strings]
../src/TskHif/../EzMenu.h:107:5: warning: ISO C++ forbids converting a string constant to 'char*' [-Wwrite-strings]
../src/TskHif/../EzMenu.h: In instantiation of 'EzMenu<CT, SL>::EzMenu(char*, EzMenuItem<CT, SL>**, int) [with CT = unsigned char; unsigned int SL = 20]':
../src/TskHif/MenuDefines.cc:47:77:   required from here
../src/TskHif/../EzMenu.h:451:5: warning: large integer implicitly truncated to unsigned type [-Woverflow]
     {
     ^
../src/TskHif/../EzMenu.h:451:5: warning: large integer implicitly truncated to unsigned type [-Woverflow]
../src/TskHif/../EzMenu.h:451:5: warning: large integer implicitly truncated to unsigned type [-Woverflow]
../src/TskHif/../EzMenu.h: In instantiation of 'EzMenuItem<CT, SL>::EzMenuItem(const char*, double, double, int) [with CT = unsigned char; unsigned int SL = 20]':
../src/TskHif/MenuDefines.cc:51:61:   required from here
../src/TskHif/../EzMenu.h:97:5: warning: large integer implicitly truncated to unsigned type [-Woverflow]
     {
     ^
../src/TskHif/../EzMenu.h:97:5: warning: large integer implicitly truncated to unsigned type [-Woverflow]
../src/TskHif/../EzMenu.h:97:5: warning: large integer implicitly truncated to unsigned type [-Woverflow]
../src/TskHif/../EzMenu.h:97:5: warning: large integer implicitly truncated to unsigned type [-Woverflow]
../src/TskHif/../EzMenu.h:97:5: warning: ISO C++ forbids converting a string constant to 'char*' [-Wwrite-strings]
../src/TskHif/../EzMenu.h:97:5: warning: ISO C++ forbids converting a string constant to 'char*' [-Wwrite-strings]
Finished building: ../src/TskHif/MenuDefines.cc
 
Building file: ../src/TskHif/PCF8563.cc
Invoking: MicroBlaze g++ compiler
mb-g++ -Wall -O0 -g3 -c -fmessage-length=0 -MT"src/TskHif/PCF8563.o" -I../../LNDAQ512k_bsp/microblaze_0/include -mlittle-endian -mxl-barrel-shift -mxl-pattern-compare -mcpu=v11.0 -mno-xl-soft-mul -mhard-float -Wl,--no-relax -ffunction-sections -fdata-sections -MMD -MP -MF"src/TskHif/PCF8563.d" -MT"src/TskHif/PCF8563.o" -o "src/TskHif/PCF8563.o" "../src/TskHif/PCF8563.cc"
Finished building: ../src/TskHif/PCF8563.cc
 
Building file: ../src/TskHif/TskHif.cc
Invoking: MicroBlaze g++ compiler
mb-g++ -Wall -O0 -g3 -c -fmessage-length=0 -MT"src/TskHif/TskHif.o" -I../../LNDAQ512k_bsp/microblaze_0/include -mlittle-endian -mxl-barrel-shift -mxl-pattern-compare -mcpu=v11.0 -mno-xl-soft-mul -mhard-float -Wl,--no-relax -ffunction-sections -fdata-sections -MMD -MP -MF"src/TskHif/TskHif.d" -MT"src/TskHif/TskHif.o" -o "src/TskHif/TskHif.o" "../src/TskHif/TskHif.cc"
../src/TskHif/TskHif.cc: In function 'void keyAction(void*, bool, bool, unsigned int)':
../src/TskHif/TskHif.cc:93:63: warning: format '%u' expects argument of type 'unsigned int', but argument 3 has type 'long unsigned int' [-Wformat=]
                     sprintf(str, "%02u", DateTime.YearFrom2000);
                                          ~~~~~~~~~~~~~~~~~~~~~^
../src/TskHif/TskHif.cc:95:56: warning: format '%u' expects argument of type 'unsigned int', but argument 3 has type 'long unsigned int' [-Wformat=]
                     sprintf(str, "%02u", DateTime.Month);
                                          ~~~~~~~~~~~~~~^
../src/TskHif/TskHif.cc:97:54: warning: format '%u' expects argument of type 'unsigned int', but argument 3 has type 'long unsigned int' [-Wformat=]
                     sprintf(str, "%02u", DateTime.Day);
                                          ~~~~~~~~~~~~^
../src/TskHif/TskHif.cc:99:55: warning: format '%u' expects argument of type 'unsigned int', but argument 3 has type 'long unsigned int' [-Wformat=]
                     sprintf(str, "%02u", DateTime.Hour);
                                          ~~~~~~~~~~~~~^
../src/TskHif/TskHif.cc:101:57: warning: format '%u' expects argument of type 'unsigned int', but argument 3 has type 'long unsigned int' [-Wformat=]
                     sprintf(str, "%02u", DateTime.Minute);
                                          ~~~~~~~~~~~~~~~^
../src/TskHif/TskHif.cc:103:57: warning: format '%u' expects argument of type 'unsigned int', but argument 3 has type 'long unsigned int' [-Wformat=]
                     sprintf(str, "%02u", DateTime.Second);
                                          ~~~~~~~~~~~~~~~^
../src/TskHif/TskHif.cc: In function 'void tskHif(void*)':
../src/TskHif/TskHif.cc:183:86: warning: format '%u' expects argument of type 'unsigned int', but argument 4 has type 'long unsigned int' [-Wformat=]
                 sprintf(str, "%4u-%02u-%02u %02u:%02u:%02u", DateTime.YearFrom2000 + 2000, DateTime.Month,
                                                                                            ~~~~~~~~~~~~~~
                         DateTime.Day, DateTime.Hour, DateTime.Minute, DateTime.Second);
                                                                                      ^
../src/TskHif/TskHif.cc:183:86: warning: format '%u' expects argument of type 'unsigned int', but argument 5 has type 'long unsigned int' [-Wformat=]
../src/TskHif/TskHif.cc:183:86: warning: format '%u' expects argument of type 'unsigned int', but argument 6 has type 'long unsigned int' [-Wformat=]
../src/TskHif/TskHif.cc:183:86: warning: format '%u' expects argument of type 'unsigned int', but argument 7 has type 'long unsigned int' [-Wformat=]
../src/TskHif/TskHif.cc:183:86: warning: format '%u' expects argument of type 'unsigned int', but argument 8 has type 'long unsigned int' [-Wformat=]
Finished building: ../src/TskHif/TskHif.cc
 
Building file: ../src/MiniDmaFifo2Mem/MiniDmaFifo2Mem.cc
Invoking: MicroBlaze g++ compiler
mb-g++ -Wall -O0 -g3 -c -fmessage-length=0 -MT"src/MiniDmaFifo2Mem/MiniDmaFifo2Mem.o" -I../../LNDAQ512k_bsp/microblaze_0/include -mlittle-endian -mxl-barrel-shift -mxl-pattern-compare -mcpu=v11.0 -mno-xl-soft-mul -mhard-float -Wl,--no-relax -ffunction-sections -fdata-sections -MMD -MP -MF"src/MiniDmaFifo2Mem/MiniDmaFifo2Mem.d" -MT"src/MiniDmaFifo2Mem/MiniDmaFifo2Mem.o" -o "src/MiniDmaFifo2Mem/MiniDmaFifo2Mem.o" "../src/MiniDmaFifo2Mem/MiniDmaFifo2Mem.cc"
Finished building: ../src/MiniDmaFifo2Mem/MiniDmaFifo2Mem.cc
 
Building file: ../src/IicMaster/IicMaster.cc
Invoking: MicroBlaze g++ compiler
mb-g++ -Wall -O0 -g3 -c -fmessage-length=0 -MT"src/IicMaster/IicMaster.o" -I../../LNDAQ512k_bsp/microblaze_0/include -mlittle-endian -mxl-barrel-shift -mxl-pattern-compare -mcpu=v11.0 -mno-xl-soft-mul -mhard-float -Wl,--no-relax -ffunction-sections -fdata-sections -MMD -MP -MF"src/IicMaster/IicMaster.d" -MT"src/IicMaster/IicMaster.o" -o "src/IicMaster/IicMaster.o" "../src/IicMaster/IicMaster.cc"
Finished building: ../src/IicMaster/IicMaster.cc
 
Building file: ../src/main.cc
Invoking: MicroBlaze g++ compiler
mb-g++ -Wall -O0 -g3 -c -fmessage-length=0 -MT"src/main.o" -I../../LNDAQ512k_bsp/microblaze_0/include -mlittle-endian -mxl-barrel-shift -mxl-pattern-compare -mcpu=v11.0 -mno-xl-soft-mul -mhard-float -Wl,--no-relax -ffunction-sections -fdata-sections -MMD -MP -MF"src/main.d" -MT"src/main.o" -o "src/main.o" "../src/main.cc"
../src/main.cc: In function 'void InitUart()':
../src/main.cc:208:75: warning: ISO C++ forbids converting a string constant to 'char*' [-Wwrite-strings]
     u_printf("UART Port BandRate 9600 Data 8bit Stop 1bit None Parity\r\n");
                                                                           ^
../src/main.cc: In function 'void tskMaster(void*)':
../src/main.cc:346:37: warning: format '%u' expects argument of type 'unsigned int', but argument 3 has type 'long unsigned int' [-Wformat=]
     dcm.YearFrom2000+2000, dcm.Month, dcm.Day,
                            ~~~~~~~~~ 
     dcm.Hour, dcm.Minute, dcm.Second);
                                     ^
../src/main.cc:346:37: warning: format '%u' expects argument of type 'unsigned int', but argument 4 has type 'long unsigned int' [-Wformat=]
../src/main.cc:346:37: warning: format '%u' expects argument of type 'unsigned int', but argument 5 has type 'long unsigned int' [-Wformat=]
../src/main.cc:346:37: warning: format '%u' expects argument of type 'unsigned int', but argument 6 has type 'long unsigned int' [-Wformat=]
../src/main.cc:346:37: warning: format '%u' expects argument of type 'unsigned int', but argument 7 has type 'long unsigned int' [-Wformat=]
../src/main.cc:373:41: warning: ISO C++ forbids converting a string constant to 'char*' [-Wwrite-strings]
  u_printf("LNDAQ512 start recording\r\n");
                                         ^
Finished building: ../src/main.cc
 
Building target: LNDAQ512k.elf
Invoking: MicroBlaze g++ linker
mb-g++ -Wl,-T -Wl,../src/lscript.ld -L../../LNDAQ512k_bsp/microblaze_0/lib -mlittle-endian -mxl-barrel-shift -mxl-pattern-compare -mcpu=v11.0 -mno-xl-soft-mul -mhard-float -Wl,--no-relax -Wl,--gc-sections -o "LNDAQ512k.elf"  ./src/xilffs/diskio.o ./src/xilffs/ff.o ./src/xilffs/ffsystem.o ./src/xilffs/ffunicode.o  ./src/sdc_ctrl/mmc.o ./src/sdc_ctrl/ocsdc.o  ./src/oled12864/lq12864.o ./src/oled12864/oled_fonts.o  ./src/TskHif/MenuDefines.o ./src/TskHif/PCF8563.o ./src/TskHif/TskHif.o  ./src/MiniDmaFifo2Mem/MiniDmaFifo2Mem.o  ./src/IicMaster/IicMaster.o  ./src/main.o   -Wl,--start-group,-lxil,-lfreertos,-lgcc,-lc,-lstdc++,--end-group
Finished building target: LNDAQ512k.elf
 
Invoking: MicroBlaze Print Size
mb-size LNDAQ512k.elf  |tee "LNDAQ512k.elf.size"
   text	   data	    bss	    dec	    hex	filename
 258516	   2388	18576552	18837456	11f6fd0	LNDAQ512k.elf
Finished building: LNDAQ512k.elf.size
 

16:19:08 Build Finished (took 4s.525ms)

