17:50:45 **** Build of configuration Debug for project eth ****
make all 
make --no-print-directory pre-build
a9-linaro-pre-build-step
 
make --no-print-directory main-build
Building file: ../src/freertos_tcp_perf_client.c
Invoking: ARM v7 gcc compiler
arm-none-eabi-gcc -Wall -O0 -g3 -c -fmessage-length=0 -MT"src/freertos_tcp_perf_client.o" -mcpu=cortex-a9 -mfpu=vfpv3 -mfloat-abi=hard -I/home/dn/DNCDAQ_subsys_sw/DNCDAQ_subsys_wrapper/export/DNCDAQ_subsys_wrapper/sw/DNCDAQ_subsys_wrapper/freertos10_xilinx_ps7_cortexa9_0/bspinclude/include -MMD -MP -MF"src/freertos_tcp_perf_client.d" -MT"src/freertos_tcp_perf_client.o" -o "src/freertos_tcp_perf_client.o" "../src/freertos_tcp_perf_client.c"
Finished building: ../src/freertos_tcp_perf_client.c
 
Building file: ../src/iic_phyreset.c
Invoking: ARM v7 gcc compiler
arm-none-eabi-gcc -Wall -O0 -g3 -c -fmessage-length=0 -MT"src/iic_phyreset.o" -mcpu=cortex-a9 -mfpu=vfpv3 -mfloat-abi=hard -I/home/dn/DNCDAQ_subsys_sw/DNCDAQ_subsys_wrapper/export/DNCDAQ_subsys_wrapper/sw/DNCDAQ_subsys_wrapper/freertos10_xilinx_ps7_cortexa9_0/bspinclude/include -MMD -MP -MF"src/iic_phyreset.d" -MT"src/iic_phyreset.o" -o "src/iic_phyreset.o" "../src/iic_phyreset.c"
Finished building: ../src/iic_phyreset.c
 
Building file: ../src/main.c
Invoking: ARM v7 gcc compiler
arm-none-eabi-gcc -Wall -O0 -g3 -c -fmessage-length=0 -MT"src/main.o" -mcpu=cortex-a9 -mfpu=vfpv3 -mfloat-abi=hard -I/home/dn/DNCDAQ_subsys_sw/DNCDAQ_subsys_wrapper/export/DNCDAQ_subsys_wrapper/sw/DNCDAQ_subsys_wrapper/freertos10_xilinx_ps7_cortexa9_0/bspinclude/include -MMD -MP -MF"src/main.d" -MT"src/main.o" -o "src/main.o" "../src/main.c"
Finished building: ../src/main.c
 
Building target: eth.elf
Invoking: ARM v7 gcc linker
arm-none-eabi-gcc -mcpu=cortex-a9 -mfpu=vfpv3 -mfloat-abi=hard -Wl,-build-id=none -specs=Xilinx.spec -Wl,-T -Wl,../src/lscript.ld -L/home/dn/DNCDAQ_subsys_sw/DNCDAQ_subsys_wrapper/export/DNCDAQ_subsys_wrapper/sw/DNCDAQ_subsys_wrapper/freertos10_xilinx_ps7_cortexa9_0/bsplib/lib -o "eth.elf"  ./src/freertos_tcp_perf_client.o ./src/iic_phyreset.o ./src/main.o   -Wl,--start-group,-lxil,-lfreertos,-lgcc,-lc,--end-group -Wl,--start-group,-lxil,-llwip4,-lgcc,-lc,--end-group
Finished building target: eth.elf
 
Invoking: ARM v7 Print Size
arm-none-eabi-size eth.elf  |tee "eth.elf.size"
   text	   data	    bss	    dec	    hex	filename
 167872	   3388	2218048	2389308	 24753c	eth.elf
Finished building: eth.elf.size
 

17:50:45 Build Finished (took 318ms)

